/Users/takuro-n/.ghq/github.com/otakumesi/CaBE/.venv/lib/python3.7/site-packages/thinc/neural/train.py:7: DeprecationWarning: Using or importing the ABCs from 'collections' instead of from 'collections.abc' is deprecated, and in 3.8 it will stop working
  from .optimizers import Adam, linear_decay
/Users/takuro-n/.ghq/github.com/otakumesi/CaBE/.venv/lib/python3.7/site-packages/thinc/check.py:4: DeprecationWarning: Using or importing the ABCs from 'collections' instead of from 'collections.abc' is deprecated, and in 3.8 it will stop working
  from collections import Sequence, Sized, Iterable, Callable
/Users/takuro-n/.ghq/github.com/otakumesi/CaBE/.venv/lib/python3.7/site-packages/plac_ext.py:6: DeprecationWarning: the imp module is deprecated in favour of importlib; see the module's documentation for alternative uses
  import imp
/Users/takuro-n/.ghq/github.com/otakumesi/CaBE/.venv/lib/python3.7/site-packages/nltk/decorators.py:68: DeprecationWarning: `formatargspec` is deprecated since Python 3.5. Use `signature` and the `Signature` object directly
  regargs, varargs, varkwargs, defaults, formatvalue=lambda value: ""
/Users/takuro-n/.ghq/github.com/otakumesi/CaBE/.venv/lib/python3.7/site-packages/_pytest/mark/structures.py:443: DeprecationWarning: The usage of `cmp` is deprecated and will be removed on or after 2021-06-01.  Please use `eq` and `order` instead.
  @attr.s(cmp=False, hash=False)
ex:
  enc: BERT
  file_name: reverb45k_test
  similarity: l2
grid_search:
  linkages:
  - average
  - single
  - complete
  max_layer: null
  max_threshold: 0.3
  min_layer: 0
  min_threshold: 0.01
  num_process: 8
  threshold_step: 0.01
model:
  linkage: single
  num_layer: 5
  threshold: 1.7
task: visualize_cluster

[2020-02-20 20:50:26,565][transformers.configuration_utils][INFO] - loading configuration file /tmp/MODEL_bert-large-uncased/config.json
[2020-02-20 20:50:26,566][transformers.configuration_utils][INFO] - Model config BertConfig {
  "architectures": [
    "BertModel"
  ],
  "attention_probs_dropout_prob": 0.1,
  "bos_token_id": 0,
  "do_sample": false,
  "eos_token_ids": 0,
  "finetuning_task": null,
  "hidden_act": "gelu",
  "hidden_dropout_prob": 0.1,
  "hidden_size": 1024,
  "id2label": {
    "0": "LABEL_0",
    "1": "LABEL_1"
  },
  "initializer_range": 0.02,
  "intermediate_size": 4096,
  "is_decoder": false,
  "label2id": {
    "LABEL_0": 0,
    "LABEL_1": 1
  },
  "layer_norm_eps": 1e-12,
  "length_penalty": 1.0,
  "max_length": 20,
  "max_position_embeddings": 512,
  "model_type": "bert",
  "num_attention_heads": 16,
  "num_beams": 1,
  "num_hidden_layers": 24,
  "num_labels": 2,
  "num_return_sequences": 1,
  "output_attentions": false,
  "output_hidden_states": true,
  "output_past": true,
  "pad_token_id": 0,
  "pruned_heads": {},
  "repetition_penalty": 1.0,
  "temperature": 1.0,
  "top_k": 50,
  "top_p": 1.0,
  "torchscript": false,
  "type_vocab_size": 2,
  "use_bfloat16": false,
  "vocab_size": 30522
}

[2020-02-20 20:50:26,566][transformers.modeling_utils][INFO] - loading weights file /tmp/MODEL_bert-large-uncased/pytorch_model.bin
